<?xml version="1.0" encoding="UTF-8"?>
<!-- Generated by org.testng.reporters.JUnitXMLReporter -->
<testsuite ignored="0" hostname="DESKTOP-NSFGFB7" failures="2" tests="13" name="Login and Dashboard Tests" time="184.913" errors="0" timestamp="2026-08-18T18:13:25 IST">
  <testcase classname="tests.LoginTest" name="emptycredentails" time="0.675"/>
  <testcase classname="tests.LoginTest" name="invalidlogin" time="3.121"/>
  <testcase classname="tests.LoginTest" name="password" time="0.364"/>
  <testcase classname="tests.LoginTest" name="username" time="0.435"/>
  <testcase classname="tests.LoginTest" name="validlogin" time="0.916"/>
  <testcase classname="tests.DashboardTest" name="verifydashboardpage" time="2.39"/>
  <testcase classname="tests.NewOrderTest" name="verifyeditbakerydetailscontact" time="1.534">
    <failure type="com.microsoft.playwright.PlaywrightException" message="Error {
  message=&amp;apos;Element is not attached to the DOM
  name=&amp;apos;Error
  stack=&amp;apos;Error: Element is not attached to the DOM
    at throwElementIsNotAttached (C:\Users\magdyn\AppData\Local\Temp\playwright-java-16950756458986270647\package\lib\server\dom.js:746:9)
    at throwRetargetableDOMError (C:\Users\magdyn\AppData\Local\Temp\playwright-java-16950756458986270647\package\lib\server\dom.js:742:5)
    at ElementHandle._waitAndScrollIntoViewIfNeeded (C:\Users\magdyn\AppData\Local\Temp\playwright-java-16950756458986270647\package\lib\server\dom.js:194:16)
    at async ElementHandle.scrollIntoViewIfNeeded (C:\Users\magdyn\AppData\Local\Temp\playwright-java-16950756458986270647\package\lib\server\dom.js:197:5)
    at async ElementHandleDispatcher.scrollIntoViewIfNeeded (C:\Users\magdyn\AppData\Local\Temp\playwright-java-16950756458986270647\package\lib\server\dispatchers\elementHandlerDispatcher.js:98:5)
    at async ProgressController.run (C:\Users\magdyn\AppData\Local\Temp\playwright-java-16950756458986270647\package\lib\server\progress.js:78:22)
    at async ElementHandleDispatcher._runCommand (C:\Users\magdyn\AppData\Local\Temp\playwright-java-16950756458986270647\package\lib\server\dispatchers\dispatcher.js:95:14)
    at async DispatcherConnection.dispatch (C:\Users\magdyn\AppData\Local\Temp\playwright-java-16950756458986270647\package\lib\server\dispatchers\dispatcher.js:329:22)
}
Call log:
-   - attempting scroll into view action
-     - waiting for element to be stable
">
      <![CDATA[com.microsoft.playwright.PlaywrightException: Error {
  message='Element is not attached to the DOM
  name='Error
  stack='Error: Element is not attached to the DOM
    at throwElementIsNotAttached (C:\Users\magdyn\AppData\Local\Temp\playwright-java-16950756458986270647\package\lib\server\dom.js:746:9)
    at throwRetargetableDOMError (C:\Users\magdyn\AppData\Local\Temp\playwright-java-16950756458986270647\package\lib\server\dom.js:742:5)
    at ElementHandle._waitAndScrollIntoViewIfNeeded (C:\Users\magdyn\AppData\Local\Temp\playwright-java-16950756458986270647\package\lib\server\dom.js:194:16)
    at async ElementHandle.scrollIntoViewIfNeeded (C:\Users\magdyn\AppData\Local\Temp\playwright-java-16950756458986270647\package\lib\server\dom.js:197:5)
    at async ElementHandleDispatcher.scrollIntoViewIfNeeded (C:\Users\magdyn\AppData\Local\Temp\playwright-java-16950756458986270647\package\lib\server\dispatchers\elementHandlerDispatcher.js:98:5)
    at async ProgressController.run (C:\Users\magdyn\AppData\Local\Temp\playwright-java-16950756458986270647\package\lib\server\progress.js:78:22)
    at async ElementHandleDispatcher._runCommand (C:\Users\magdyn\AppData\Local\Temp\playwright-java-16950756458986270647\package\lib\server\dispatchers\dispatcher.js:95:14)
    at async DispatcherConnection.dispatch (C:\Users\magdyn\AppData\Local\Temp\playwright-java-16950756458986270647\package\lib\server\dispatchers\dispatcher.js:329:22)
}
Call log:
-   - attempting scroll into view action
-     - waiting for element to be stable

at com.microsoft.playwright.impl.WaitableResult.get(WaitableResult.java:56)
at com.microsoft.playwright.impl.ChannelOwner.runUntil(ChannelOwner.java:138)
at com.microsoft.playwright.impl.Connection.sendMessage(Connection.java:131)
at com.microsoft.playwright.impl.ChannelOwner.sendMessage(ChannelOwner.java:124)
at com.microsoft.playwright.impl.ElementHandleImpl.scrollIntoViewIfNeeded(ElementHandleImpl.java:302)
at com.microsoft.playwright.impl.LocatorImpl.lambda$scrollIntoViewIfNeeded$6(LocatorImpl.java:487)
at com.microsoft.playwright.impl.LocatorImpl.lambda$withElement$0(LocatorImpl.java:82)
at com.microsoft.playwright.impl.ChannelOwner.withTitle(ChannelOwner.java:98)
at com.microsoft.playwright.impl.LocatorImpl.withElement(LocatorImpl.java:71)
at com.microsoft.playwright.impl.LocatorImpl.scrollIntoViewIfNeeded(LocatorImpl.java:486)
at com.microsoft.playwright.Locator.scrollIntoViewIfNeeded(Locator.java:4440)
at pages.NewOrderPage.takeContactDetailsScreenshot(NewOrderPage.java:279)
at tests.NewOrderTest.verifyeditbakerydetailscontact(NewOrderTest.java:71)
at java.base/java.util.ArrayList.forEach(ArrayList.java:1511)
Caused by: com.microsoft.playwright.impl.DriverException: Error {
  message='Element is not attached to the DOM
  name='Error
  stack='Error: Element is not attached to the DOM
    at throwElementIsNotAttached (C:\Users\magdyn\AppData\Local\Temp\playwright-java-16950756458986270647\package\lib\server\dom.js:746:9)
    at throwRetargetableDOMError (C:\Users\magdyn\AppData\Local\Temp\playwright-java-16950756458986270647\package\lib\server\dom.js:742:5)
    at ElementHandle._waitAndScrollIntoViewIfNeeded (C:\Users\magdyn\AppData\Local\Temp\playwright-java-16950756458986270647\package\lib\server\dom.js:194:16)
    at async ElementHandle.scrollIntoViewIfNeeded (C:\Users\magdyn\AppData\Local\Temp\playwright-java-16950756458986270647\package\lib\server\dom.js:197:5)
    at async ElementHandleDispatcher.scrollIntoViewIfNeeded (C:\Users\magdyn\AppData\Local\Temp\playwright-java-16950756458986270647\package\lib\server\dispatchers\elementHandlerDispatcher.js:98:5)
    at async ProgressController.run (C:\Users\magdyn\AppData\Local\Temp\playwright-java-16950756458986270647\package\lib\server\progress.js:78:22)
    at async ElementHandleDispatcher._runCommand (C:\Users\magdyn\AppData\Local\Temp\playwright-java-16950756458986270647\package\lib\server\dispatchers\dispatcher.js:95:14)
    at async DispatcherConnection.dispatch (C:\Users\magdyn\AppData\Local\Temp\playwright-java-16950756458986270647\package\lib\server\dispatchers\dispatcher.js:329:22)
}
Call log:
-   - attempting scroll into view action
-     - waiting for element to be stable

at com.microsoft.playwright.impl.Connection.dispatch(Connection.java:262)
at com.microsoft.playwright.impl.Connection.processOneMessage(Connection.java:214)
at com.microsoft.playwright.impl.ChannelOwner.runUntil(ChannelOwner.java:136)
... 39 more
... Removed 27 stack frames]]>
    </failure>
  </testcase> <!-- verifyeditbakerydetailscontact -->
  <testcase classname="tests.CouponTest" name="verifyCouponAboveMinimumValue" time="1.219"/>
  <testcase classname="tests.CouponTest" name="verifyCouponBelowMinimumValue" time="1.054"/>
  <testcase classname="tests.CouponTest" name="verifyCouponWhenCartEmpty" time="0.867"/>
  <testcase classname="tests.AddCart" name="verifyCouponWhenCartEmpty" time="10.068"/>
  <testcase classname="tests.OrderDetailsTest" name="updateOrderStatusAndAssignPartner" time="62.842">
    <failure type="com.microsoft.playwright.TimeoutError" message="Error {
  message=&amp;apos;Timeout 30000ms exceeded.
  name=&amp;apos;TimeoutError
  stack=&amp;apos;TimeoutError: Timeout 30000ms exceeded.
    at ProgressController.run (C:\Users\magdyn\AppData\Local\Temp\playwright-java-16950756458986270647\package\lib\server\progress.js:68:28)
    at FrameDispatcher._runCommand (C:\Users\magdyn\AppData\Local\Temp\playwright-java-16950756458986270647\package\lib\server\dispatchers\dispatcher.js:95:31)
    at DispatcherConnection.dispatch (C:\Users\magdyn\AppData\Local\Temp\playwright-java-16950756458986270647\package\lib\server\dispatchers\dispatcher.js:329:39)
}
Call log:
-   - waiting for locator(&amp;quot;#dp-account&amp;quot;)
-     - locator resolved to &amp;lt;select id=&amp;quot;dp-account&amp;quot; class=&amp;quot;form-input&amp;quot;&amp;gt;…&amp;lt;/select&amp;gt;
-   - attempting select option action
-     2 × waiting for element to be visible and enabled
-       - did not find some options
-     - retrying select option action
-     - waiting 20ms
-     2 × waiting for element to be visible and enabled
-       - did not find some options
-     - retrying select option action
-       - waiting 100ms
-     12 × waiting for element to be visible and enabled
-        - did not find some options
-      - retrying select option action
-        - waiting 500ms
-     - waiting for element to be visible and enabled
-   - element was detached from the DOM, retrying
">
      <![CDATA[com.microsoft.playwright.TimeoutError: Error {
  message='Timeout 30000ms exceeded.
  name='TimeoutError
  stack='TimeoutError: Timeout 30000ms exceeded.
    at ProgressController.run (C:\Users\magdyn\AppData\Local\Temp\playwright-java-16950756458986270647\package\lib\server\progress.js:68:28)
    at FrameDispatcher._runCommand (C:\Users\magdyn\AppData\Local\Temp\playwright-java-16950756458986270647\package\lib\server\dispatchers\dispatcher.js:95:31)
    at DispatcherConnection.dispatch (C:\Users\magdyn\AppData\Local\Temp\playwright-java-16950756458986270647\package\lib\server\dispatchers\dispatcher.js:329:39)
}
Call log:
-   - waiting for locator("#dp-account")
-     - locator resolved to <select id="dp-account" class="form-input">…</select>
-   - attempting select option action
-     2 × waiting for element to be visible and enabled
-       - did not find some options
-     - retrying select option action
-     - waiting 20ms
-     2 × waiting for element to be visible and enabled
-       - did not find some options
-     - retrying select option action
-       - waiting 100ms
-     12 × waiting for element to be visible and enabled
-        - did not find some options
-      - retrying select option action
-        - waiting 500ms
-     - waiting for element to be visible and enabled
-   - element was detached from the DOM, retrying

at com.microsoft.playwright.impl.WaitableResult.get(WaitableResult.java:52)
at com.microsoft.playwright.impl.ChannelOwner.runUntil(ChannelOwner.java:138)
at com.microsoft.playwright.impl.Connection.sendMessage(Connection.java:131)
at com.microsoft.playwright.impl.ChannelOwner.sendMessage(ChannelOwner.java:124)
at com.microsoft.playwright.impl.FrameImpl.selectOption(FrameImpl.java:678)
at com.microsoft.playwright.impl.FrameImpl.selectOptionImpl(FrameImpl.java:645)
at com.microsoft.playwright.impl.FrameImpl.selectOption(FrameImpl.java:633)
at com.microsoft.playwright.impl.FrameImpl.selectOption(FrameImpl.java:126)
at com.microsoft.playwright.impl.LocatorImpl.selectOption(LocatorImpl.java:521)
at com.microsoft.playwright.Locator.selectOption(Locator.java:4690)
at pages.OrderDetailsPage.selectDeliveryPartner(OrderDetailsPage.java:130)
at tests.OrderDetailsTest.updateOrderStatusAndAssignPartner(OrderDetailsTest.java:95)
at java.base/java.util.ArrayList.forEach(ArrayList.java:1511)
Caused by: com.microsoft.playwright.TimeoutError: Error {
  message='Timeout 30000ms exceeded.
  name='TimeoutError
  stack='TimeoutError: Timeout 30000ms exceeded.
    at ProgressController.run (C:\Users\magdyn\AppData\Local\Temp\playwright-java-16950756458986270647\package\lib\server\progress.js:68:28)
    at FrameDispatcher._runCommand (C:\Users\magdyn\AppData\Local\Temp\playwright-java-16950756458986270647\package\lib\server\dispatchers\dispatcher.js:95:31)
    at DispatcherConnection.dispatch (C:\Users\magdyn\AppData\Local\Temp\playwright-java-16950756458986270647\package\lib\server\dispatchers\dispatcher.js:329:39)
}
Call log:
-   - waiting for locator("#dp-account")
-     - locator resolved to <select id="dp-account" class="form-input">…</select>
-   - attempting select option action
-     2 × waiting for element to be visible and enabled
-       - did not find some options
-     - retrying select option action
-     - waiting 20ms
-     2 × waiting for element to be visible and enabled
-       - did not find some options
-     - retrying select option action
-       - waiting 100ms
-     12 × waiting for element to be visible and enabled
-        - did not find some options
-      - retrying select option action
-        - waiting 500ms
-     - waiting for element to be visible and enabled
-   - element was detached from the DOM, retrying

at com.microsoft.playwright.impl.Connection.dispatch(Connection.java:257)
at com.microsoft.playwright.impl.Connection.processOneMessage(Connection.java:214)
at com.microsoft.playwright.impl.ChannelOwner.runUntil(ChannelOwner.java:136)
... 38 more
... Removed 27 stack frames]]>
    </failure>
  </testcase> <!-- updateOrderStatusAndAssignPartner -->
  <testcase classname="tests.TrackOrderTest" name="trackorder" time="10.15"/>
</testsuite> <!-- Login and Dashboard Tests -->
