<?xml version="1.0" encoding="UTF-8"?>
<!-- Generated by org.testng.reporters.JUnitXMLReporter -->
<testsuite ignored="0" hostname="DESKTOP-NSFGFB7" failures="0" tests="7" name="Login and Dashboard Tests" time="62.984" errors="0" timestamp="2026-08-12T15:46:29 IST">
  <testcase classname="tests.LoginTest" name="emptycredentails" time="0.627"/>
  <testcase classname="tests.LoginTest" name="invalidlogin" time="0.458"/>
  <testcase classname="tests.LoginTest" name="password" time="0.688"/>
  <testcase classname="tests.LoginTest" name="username" time="0.416"/>
  <testcase classname="tests.LoginTest" name="validlogin" time="0.727"/>
  <testcase classname="tests.DashboardTest" name="verifydashboardpage" time="2.231"/>
  <testcase classname="tests.NewOrderTest" name="verifyeditbakerydetailscontact" time="4.239"/>
</testsuite> <!-- Login and Dashboard Tests -->
