<?xml version="1.0" encoding="UTF-8"?>
<!-- Generated by org.testng.reporters.JUnitXMLReporter -->
<testsuite ignored="0" hostname="DESKTOP-NSFGFB7" failures="0" tests="3" name="Default test" time="31.066" errors="0" timestamp="2026-08-12T17:34:36 IST">
  <testcase classname="tests.CouponTest" name="verifyCouponAboveMinimumValue" time="1.206"/>
  <testcase classname="tests.CouponTest" name="verifyCouponBelowMinimumValue" time="1.031"/>
  <testcase classname="tests.CouponTest" name="verifyCouponWhenCartEmpty" time="0.963"/>
</testsuite> <!-- Default test -->
