<?xml version="1.0" encoding="UTF-8"?>
<testng-results ignored="0" total="1" passed="1" failed="0" skipped="0">
  <reporter-output>
  </reporter-output>
  <suite started-at="2026-08-11T18:02:01 IST" name="Default suite" finished-at="2026-08-11T18:02:20 IST" duration-ms="19636">
    <groups>
    </groups>
    <test started-at="2026-08-11T18:02:01 IST" name="Default test" finished-at="2026-08-11T18:02:20 IST" duration-ms="19636">
      <class name="tests.LoginTest">
        <test-method is-config="true" signature="setup()[pri:0, instance:tests.LoginTest@747ddf94]" started-at="2026-08-11T18:02:01 IST" name="setup" finished-at="2026-08-11T18:02:18 IST" duration-ms="17162" status="PASS">
          <reporter-output>
          </reporter-output>
        </test-method> <!-- setup -->
        <test-method signature="validlogin()[pri:0, instance:tests.LoginTest@747ddf94]" started-at="2026-08-11T18:02:18 IST" name="validlogin" finished-at="2026-08-11T18:02:19 IST" duration-ms="984" status="PASS">
          <reporter-output>
          </reporter-output>
        </test-method> <!-- validlogin -->
        <test-method is-config="true" signature="end()[pri:0, instance:tests.LoginTest@747ddf94]" started-at="2026-08-11T18:02:19 IST" name="end" finished-at="2026-08-11T18:02:20 IST" duration-ms="1403" status="PASS">
          <reporter-output>
          </reporter-output>
        </test-method> <!-- end -->
      </class> <!-- tests.LoginTest -->
    </test> <!-- Default test -->
  </suite> <!-- Default suite -->
</testng-results>
