<?xml version="1.0" encoding="UTF-8"?>
<!-- Generated by org.testng.reporters.JUnitReportReporter -->
<testsuite hostname="DESKTOP-NSFGFB7" failures="0" tests="5" name="tests.LoginTest" time="47.859" errors="0" timestamp="2026-08-18T18:13:26 IST" skipped="0">
  <testcase classname="tests.LoginTest" name="validlogin" time="24.168"/>
  <testcase classname="tests.LoginTest" name="username" time="5.027"/>
  <testcase classname="tests.LoginTest" name="emptycredentails" time="5.736"/>
  <testcase classname="tests.LoginTest" name="password" time="5.059"/>
  <testcase classname="tests.LoginTest" name="invalidlogin" time="7.869"/>
</testsuite> <!-- tests.LoginTest -->
