<?xml version="1.0" encoding="UTF-8"?>
<!-- Generated by org.testng.reporters.JUnitReportReporter -->
<testsuite hostname="DESKTOP-NSFGFB7" failures="0" tests="1" name="tests.EndToEndOrderTest" time="26.286" errors="1" timestamp="2026-08-19T18:00:54 IST" skipped="0">
  <testcase classname="tests.EndToEndOrderTest" name="completeOrderToRefundFlow" time="26.286">
    <error message="Error {
  message=&#039;Error: strict mode violation: getByText(&quot;Baguette&quot;, new Page.GetByTextOptions().setExact(true)).locator(&quot;xpath=ancestor::div[.//button[normalize-space()=&#039;ADD&#039;]][1]&quot;).getByRole(AriaRole.BUTTON) resolved to 13 elements:
    1) &lt;button disabled type=&quot;button&quot; class=&quot;btn btn-outline btn-sm&quot;&gt;Out of stock&lt;/button&gt; aka getByRole(AriaRole.BUTTON, new Page.GetByRoleOptions().setName(&quot;Out of stock&quot;))
    2) &lt;button type=&quot;button&quot; class=&quot;btn btn-outline btn-sm&quot; data-pos-add=&quot;Banana Bread Loaf&quot;&gt;ADD&lt;/button&gt; aka locator(&quot;div:nth-child(2) &gt; .btn&quot;)
    3) &lt;button type=&quot;button&quot; class=&quot;btn btn-outline btn-sm&quot; data-pos-add=&quot;Blueberry Muffin&quot;&gt;ADD&lt;/button&gt; aka locator(&quot;div:nth-child(2) &gt; div:nth-child(3) &gt; .btn&quot;)
    4) &lt;button type=&quot;button&quot; data-pos-add=&quot;Brownie&quot; class=&quot;btn btn-outline btn-sm&quot;&gt;ADD&lt;/button&gt; aka locator(&quot;div:nth-child(4) &gt; .btn&quot;)
    5) &lt;button type=&quot;button&quot; class=&quot;btn btn-outline btn-sm&quot; data-pos-add=&quot;Cheesecake Slice&quot;&gt;ADD&lt;/button&gt; aka locator(&quot;div:nth-child(5) &gt; .btn&quot;)
    6) &lt;button type=&quot;button&quot; class=&quot;btn btn-outline btn-sm&quot; data-pos-add=&quot;Chicken Biriyani&quot;&gt;ADD&lt;/button&gt; aka locator(&quot;div:nth-child(6) &gt; .btn&quot;)
    7) &lt;button type=&quot;button&quot; data-pos-add=&quot;Chocolate Cake&quot; class=&quot;btn btn-outline btn-sm&quot;&gt;ADD&lt;/button&gt; aka locator(&quot;div:nth-child(7) &gt; .btn&quot;)
    8) &lt;button type=&quot;button&quot; class=&quot;btn btn-outline btn-sm&quot; data-pos-add=&quot;Chocolate Chip Cookie&quot;&gt;ADD&lt;/button&gt; aka locator(&quot;div:nth-child(8) &gt; .btn&quot;)
    9) &lt;button type=&quot;button&quot; data-pos-add=&quot;Cinnamon Roll&quot; class=&quot;btn btn-outline btn-sm&quot;&gt;ADD&lt;/button&gt; aka locator(&quot;div:nth-child(9) &gt; .btn&quot;)
    10) &lt;button type=&quot;button&quot; data-pos-add=&quot;Croissant&quot; class=&quot;btn btn-outline btn-sm&quot;&gt;ADD&lt;/button&gt; aka locator(&quot;div:nth-child(10) &gt; .btn&quot;)
    ...

  name=&#039;Error
  stack=&#039;Error: Error: strict mode violation: getByText(&quot;Baguette&quot;, new Page.GetByTextOptions().setExact(true)).locator(&quot;xpath=ancestor::div[.//button[normalize-space()=&#039;ADD&#039;]][1]&quot;).getByRole(AriaRole.BUTTON) resolved to 13 elements:
    1) &lt;button disabled type=&quot;button&quot; class=&quot;btn btn-outline btn-sm&quot;&gt;Out of stock&lt;/button&gt; aka getByRole(AriaRole.BUTTON, new Page.GetByRoleOptions().setName(&quot;Out of stock&quot;))
    2) &lt;button type=&quot;button&quot; class=&quot;btn btn-outline btn-sm&quot; data-pos-add=&quot;Banana Bread Loaf&quot;&gt;ADD&lt;/button&gt; aka locator(&quot;div:nth-child(2) &gt; .btn&quot;)
    3) &lt;button type=&quot;button&quot; class=&quot;btn btn-outline btn-sm&quot; data-pos-add=&quot;Blueberry Muffin&quot;&gt;ADD&lt;/button&gt; aka locator(&quot;div:nth-child(2) &gt; div:nth-child(3) &gt; .btn&quot;)
    4) &lt;button type=&quot;button&quot; data-pos-add=&quot;Brownie&quot; class=&quot;btn btn-outline btn-sm&quot;&gt;ADD&lt;/button&gt; aka locator(&quot;div:nth-child(4) &gt; .btn&quot;)
    5) &lt;button type=&quot;button&quot; class=&quot;btn btn-outline btn-sm&quot; data-pos-add=&quot;Cheesecake Slice&quot;&gt;ADD&lt;/button&gt; aka locator(&quot;div:nth-child(5) &gt; .btn&quot;)
    6) &lt;button type=&quot;button&quot; class=&quot;btn btn-outline btn-sm&quot; data-pos-add=&quot;Chicken Biriyani&quot;&gt;ADD&lt;/button&gt; aka locator(&quot;div:nth-child(6) &gt; .btn&quot;)
    7) &lt;button type=&quot;button&quot; data-pos-add=&quot;Chocolate Cake&quot; class=&quot;btn btn-outline btn-sm&quot;&gt;ADD&lt;/button&gt; aka locator(&quot;div:nth-child(7) &gt; .btn&quot;)
    8) &lt;button type=&quot;button&quot; class=&quot;btn btn-outline btn-sm&quot; data-pos-add=&quot;Chocolate Chip Cookie&quot;&gt;ADD&lt;/button&gt; aka locator(&quot;div:nth-child(8) &gt; .btn&quot;)
    9) &lt;button type=&quot;button&quot; data-pos-add=&quot;Cinnamon Roll&quot; class=&quot;btn btn-outline btn-sm&quot;&gt;ADD&lt;/button&gt; aka locator(&quot;div:nth-child(9) &gt; .btn&quot;)
    10) &lt;button type=&quot;button&quot; data-pos-add=&quot;Croissant&quot; class=&quot;btn btn-outline btn-sm&quot;&gt;ADD&lt;/button&gt; aka locator(&quot;div:nth-child(10) &gt; .btn&quot;)
    ...

    at CRExecutionContext.evaluateWithArguments (C:\Users\magdyn\AppData\Local\Temp\playwright-java-6623263956744782875\package\lib\server\chromium\crExecutionContext.js:80:13)
    at async LongStandingScope._race (C:\Users\magdyn\AppData\Local\Temp\playwright-java-6623263956744782875\package\lib\utils\isomorphic\manualPromise.js:94:14)
    at async evaluateExpression (C:\Users\magdyn\AppData\Local\Temp\playwright-java-6623263956744782875\package\lib\server\javascript.js:217:12)
    at async C:\Users\magdyn\AppData\Local\Temp\playwright-java-6623263956744782875\package\lib\server\frames.js:910:22
    at async Frame.retryWithProgressAndTimeouts (C:\Users\magdyn\AppData\Local\Temp\playwright-java-6623263956744782875\package\lib\server\frames.js:880:24)
    at async Frame.click (C:\Users\magdyn\AppData\Local\Temp\playwright-java-6623263956744782875\package\lib\server\frames.js:953:27)
    at async FrameDispatcher.click (C:\Users\magdyn\AppData\Local\Temp\playwright-java-6623263956744782875\package\lib\server\dispatchers\frameDispatcher.js:117:12)
    at async ProgressController.run (C:\Users\magdyn\AppData\Local\Temp\playwright-java-6623263956744782875\package\lib\server\progress.js:78:22)
    at async FrameDispatcher._runCommand (C:\Users\magdyn\AppData\Local\Temp\playwright-java-6623263956744782875\package\lib\server\dispatchers\dispatcher.js:95:14)
    at async DispatcherConnection.dispatch (C:\Users\magdyn\AppData\Local\Temp\playwright-java-6623263956744782875\package\lib\server\dispatchers\dispatcher.js:329:22)
}
Call log:
-   - waiting for getByText(&quot;Baguette&quot;, new Page.GetByTextOptions().setExact(true)).locator(&quot;xpath=ancestor::div[.//button[normalize-space()=&#039;ADD&#039;]][1]&quot;).getByRole(AriaRole.BUTTON)
" type="com.microsoft.playwright.PlaywrightException">
      <![CDATA[com.microsoft.playwright.PlaywrightException: Error {
  message='Error: strict mode violation: getByText("Baguette", new Page.GetByTextOptions().setExact(true)).locator("xpath=ancestor::div[.//button[normalize-space()='ADD']][1]").getByRole(AriaRole.BUTTON) resolved to 13 elements:
    1) <button disabled type="button" class="btn btn-outline btn-sm">Out of stock</button> aka getByRole(AriaRole.BUTTON, new Page.GetByRoleOptions().setName("Out of stock"))
    2) <button type="button" class="btn btn-outline btn-sm" data-pos-add="Banana Bread Loaf">ADD</button> aka locator("div:nth-child(2) > .btn")
    3) <button type="button" class="btn btn-outline btn-sm" data-pos-add="Blueberry Muffin">ADD</button> aka locator("div:nth-child(2) > div:nth-child(3) > .btn")
    4) <button type="button" data-pos-add="Brownie" class="btn btn-outline btn-sm">ADD</button> aka locator("div:nth-child(4) > .btn")
    5) <button type="button" class="btn btn-outline btn-sm" data-pos-add="Cheesecake Slice">ADD</button> aka locator("div:nth-child(5) > .btn")
    6) <button type="button" class="btn btn-outline btn-sm" data-pos-add="Chicken Biriyani">ADD</button> aka locator("div:nth-child(6) > .btn")
    7) <button type="button" data-pos-add="Chocolate Cake" class="btn btn-outline btn-sm">ADD</button> aka locator("div:nth-child(7) > .btn")
    8) <button type="button" class="btn btn-outline btn-sm" data-pos-add="Chocolate Chip Cookie">ADD</button> aka locator("div:nth-child(8) > .btn")
    9) <button type="button" data-pos-add="Cinnamon Roll" class="btn btn-outline btn-sm">ADD</button> aka locator("div:nth-child(9) > .btn")
    10) <button type="button" data-pos-add="Croissant" class="btn btn-outline btn-sm">ADD</button> aka locator("div:nth-child(10) > .btn")
    ...

  name='Error
  stack='Error: Error: strict mode violation: getByText("Baguette", new Page.GetByTextOptions().setExact(true)).locator("xpath=ancestor::div[.//button[normalize-space()='ADD']][1]").getByRole(AriaRole.BUTTON) resolved to 13 elements:
    1) <button disabled type="button" class="btn btn-outline btn-sm">Out of stock</button> aka getByRole(AriaRole.BUTTON, new Page.GetByRoleOptions().setName("Out of stock"))
    2) <button type="button" class="btn btn-outline btn-sm" data-pos-add="Banana Bread Loaf">ADD</button> aka locator("div:nth-child(2) > .btn")
    3) <button type="button" class="btn btn-outline btn-sm" data-pos-add="Blueberry Muffin">ADD</button> aka locator("div:nth-child(2) > div:nth-child(3) > .btn")
    4) <button type="button" data-pos-add="Brownie" class="btn btn-outline btn-sm">ADD</button> aka locator("div:nth-child(4) > .btn")
    5) <button type="button" class="btn btn-outline btn-sm" data-pos-add="Cheesecake Slice">ADD</button> aka locator("div:nth-child(5) > .btn")
    6) <button type="button" class="btn btn-outline btn-sm" data-pos-add="Chicken Biriyani">ADD</button> aka locator("div:nth-child(6) > .btn")
    7) <button type="button" data-pos-add="Chocolate Cake" class="btn btn-outline btn-sm">ADD</button> aka locator("div:nth-child(7) > .btn")
    8) <button type="button" class="btn btn-outline btn-sm" data-pos-add="Chocolate Chip Cookie">ADD</button> aka locator("div:nth-child(8) > .btn")
    9) <button type="button" data-pos-add="Cinnamon Roll" class="btn btn-outline btn-sm">ADD</button> aka locator("div:nth-child(9) > .btn")
    10) <button type="button" data-pos-add="Croissant" class="btn btn-outline btn-sm">ADD</button> aka locator("div:nth-child(10) > .btn")
    ...

    at CRExecutionContext.evaluateWithArguments (C:\Users\magdyn\AppData\Local\Temp\playwright-java-6623263956744782875\package\lib\server\chromium\crExecutionContext.js:80:13)
    at async LongStandingScope._race (C:\Users\magdyn\AppData\Local\Temp\playwright-java-6623263956744782875\package\lib\utils\isomorphic\manualPromise.js:94:14)
    at async evaluateExpression (C:\Users\magdyn\AppData\Local\Temp\playwright-java-6623263956744782875\package\lib\server\javascript.js:217:12)
    at async C:\Users\magdyn\AppData\Local\Temp\playwright-java-6623263956744782875\package\lib\server\frames.js:910:22
    at async Frame.retryWithProgressAndTimeouts (C:\Users\magdyn\AppData\Local\Temp\playwright-java-6623263956744782875\package\lib\server\frames.js:880:24)
    at async Frame.click (C:\Users\magdyn\AppData\Local\Temp\playwright-java-6623263956744782875\package\lib\server\frames.js:953:27)
    at async FrameDispatcher.click (C:\Users\magdyn\AppData\Local\Temp\playwright-java-6623263956744782875\package\lib\server\dispatchers\frameDispatcher.js:117:12)
    at async ProgressController.run (C:\Users\magdyn\AppData\Local\Temp\playwright-java-6623263956744782875\package\lib\server\progress.js:78:22)
    at async FrameDispatcher._runCommand (C:\Users\magdyn\AppData\Local\Temp\playwright-java-6623263956744782875\package\lib\server\dispatchers\dispatcher.js:95:14)
    at async DispatcherConnection.dispatch (C:\Users\magdyn\AppData\Local\Temp\playwright-java-6623263956744782875\package\lib\server\dispatchers\dispatcher.js:329:22)
}
Call log:
-   - waiting for getByText("Baguette", new Page.GetByTextOptions().setExact(true)).locator("xpath=ancestor::div[.//button[normalize-space()='ADD']][1]").getByRole(AriaRole.BUTTON)

at com.microsoft.playwright.impl.WaitableResult.get(WaitableResult.java:56)
at com.microsoft.playwright.impl.ChannelOwner.runUntil(ChannelOwner.java:138)
at com.microsoft.playwright.impl.Connection.sendMessage(Connection.java:131)
at com.microsoft.playwright.impl.ChannelOwner.sendMessage(ChannelOwner.java:124)
at com.microsoft.playwright.impl.FrameImpl.clickImpl(FrameImpl.java:241)
at com.microsoft.playwright.impl.FrameImpl.click(FrameImpl.java:232)
at com.microsoft.playwright.impl.LocatorImpl.click(LocatorImpl.java:164)
at com.microsoft.playwright.Locator.click(Locator.java:2500)
at pages.NewOrderPage.addBaguette(NewOrderPage.java:198)
at tests.EndToEndOrderTest.completeOrderToRefundFlow(EndToEndOrderTest.java:81)
at java.base/jdk.internal.reflect.NativeMethodAccessorImpl.invoke0(Native Method)
at java.base/jdk.internal.reflect.NativeMethodAccessorImpl.invoke(NativeMethodAccessorImpl.java:77)
at java.base/jdk.internal.reflect.DelegatingMethodAccessorImpl.invoke(DelegatingMethodAccessorImpl.java:43)
at java.base/java.lang.reflect.Method.invoke(Method.java:569)
at org.testng.internal.invokers.MethodInvocationHelper.invokeMethod(MethodInvocationHelper.java:141)
at org.testng.internal.invokers.TestInvoker.invokeMethod(TestInvoker.java:687)
at org.testng.internal.invokers.TestInvoker.invokeTestMethod(TestInvoker.java:230)
at org.testng.internal.invokers.MethodRunner.runInSequence(MethodRunner.java:63)
at org.testng.internal.invokers.TestInvoker$MethodInvocationAgent.invoke(TestInvoker.java:995)
at org.testng.internal.invokers.TestInvoker.invokeTestMethods(TestInvoker.java:203)
at org.testng.internal.invokers.TestMethodWorker.invokeTestMethods(TestMethodWorker.java:154)
at org.testng.internal.invokers.TestMethodWorker.run(TestMethodWorker.java:134)
at java.base/java.util.ArrayList.forEach(ArrayList.java:1511)
at org.testng.TestRunner.privateRun(TestRunner.java:741)
at org.testng.TestRunner.run(TestRunner.java:616)
at org.testng.SuiteRunner.runTest(SuiteRunner.java:421)
at org.testng.SuiteRunner.runSequentially(SuiteRunner.java:413)
at org.testng.SuiteRunner.privateRun(SuiteRunner.java:373)
at org.testng.SuiteRunner.run(SuiteRunner.java:312)
at org.testng.SuiteRunnerWorker.runSuite(SuiteRunnerWorker.java:52)
at org.testng.SuiteRunnerWorker.run(SuiteRunnerWorker.java:95)
at org.testng.TestNG.runSuitesSequentially(TestNG.java:1274)
at org.testng.TestNG.runSuitesLocally(TestNG.java:1208)
at org.testng.TestNG.runSuites(TestNG.java:1112)
at org.testng.TestNG.run(TestNG.java:1079)
at org.testng.remote.AbstractRemoteTestNG.run(AbstractRemoteTestNG.java:115)
at org.testng.remote.RemoteTestNG.initAndRun(RemoteTestNG.java:293)
at org.testng.remote.RemoteTestNG.main(RemoteTestNG.java:91)
Caused by: com.microsoft.playwright.impl.DriverException: Error {
  message='Error: strict mode violation: getByText("Baguette", new Page.GetByTextOptions().setExact(true)).locator("xpath=ancestor::div[.//button[normalize-space()='ADD']][1]").getByRole(AriaRole.BUTTON) resolved to 13 elements:
    1) <button disabled type="button" class="btn btn-outline btn-sm">Out of stock</button> aka getByRole(AriaRole.BUTTON, new Page.GetByRoleOptions().setName("Out of stock"))
    2) <button type="button" class="btn btn-outline btn-sm" data-pos-add="Banana Bread Loaf">ADD</button> aka locator("div:nth-child(2) > .btn")
    3) <button type="button" class="btn btn-outline btn-sm" data-pos-add="Blueberry Muffin">ADD</button> aka locator("div:nth-child(2) > div:nth-child(3) > .btn")
    4) <button type="button" data-pos-add="Brownie" class="btn btn-outline btn-sm">ADD</button> aka locator("div:nth-child(4) > .btn")
    5) <button type="button" class="btn btn-outline btn-sm" data-pos-add="Cheesecake Slice">ADD</button> aka locator("div:nth-child(5) > .btn")
    6) <button type="button" class="btn btn-outline btn-sm" data-pos-add="Chicken Biriyani">ADD</button> aka locator("div:nth-child(6) > .btn")
    7) <button type="button" data-pos-add="Chocolate Cake" class="btn btn-outline btn-sm">ADD</button> aka locator("div:nth-child(7) > .btn")
    8) <button type="button" class="btn btn-outline btn-sm" data-pos-add="Chocolate Chip Cookie">ADD</button> aka locator("div:nth-child(8) > .btn")
    9) <button type="button" data-pos-add="Cinnamon Roll" class="btn btn-outline btn-sm">ADD</button> aka locator("div:nth-child(9) > .btn")
    10) <button type="button" data-pos-add="Croissant" class="btn btn-outline btn-sm">ADD</button> aka locator("div:nth-child(10) > .btn")
    ...

  name='Error
  stack='Error: Error: strict mode violation: getByText("Baguette", new Page.GetByTextOptions().setExact(true)).locator("xpath=ancestor::div[.//button[normalize-space()='ADD']][1]").getByRole(AriaRole.BUTTON) resolved to 13 elements:
    1) <button disabled type="button" class="btn btn-outline btn-sm">Out of stock</button> aka getByRole(AriaRole.BUTTON, new Page.GetByRoleOptions().setName("Out of stock"))
    2) <button type="button" class="btn btn-outline btn-sm" data-pos-add="Banana Bread Loaf">ADD</button> aka locator("div:nth-child(2) > .btn")
    3) <button type="button" class="btn btn-outline btn-sm" data-pos-add="Blueberry Muffin">ADD</button> aka locator("div:nth-child(2) > div:nth-child(3) > .btn")
    4) <button type="button" data-pos-add="Brownie" class="btn btn-outline btn-sm">ADD</button> aka locator("div:nth-child(4) > .btn")
    5) <button type="button" class="btn btn-outline btn-sm" data-pos-add="Cheesecake Slice">ADD</button> aka locator("div:nth-child(5) > .btn")
    6) <button type="button" class="btn btn-outline btn-sm" data-pos-add="Chicken Biriyani">ADD</button> aka locator("div:nth-child(6) > .btn")
    7) <button type="button" data-pos-add="Chocolate Cake" class="btn btn-outline btn-sm">ADD</button> aka locator("div:nth-child(7) > .btn")
    8) <button type="button" class="btn btn-outline btn-sm" data-pos-add="Chocolate Chip Cookie">ADD</button> aka locator("div:nth-child(8) > .btn")
    9) <button type="button" data-pos-add="Cinnamon Roll" class="btn btn-outline btn-sm">ADD</button> aka locator("div:nth-child(9) > .btn")
    10) <button type="button" data-pos-add="Croissant" class="btn btn-outline btn-sm">ADD</button> aka locator("div:nth-child(10) > .btn")
    ...

    at CRExecutionContext.evaluateWithArguments (C:\Users\magdyn\AppData\Local\Temp\playwright-java-6623263956744782875\package\lib\server\chromium\crExecutionContext.js:80:13)
    at async LongStandingScope._race (C:\Users\magdyn\AppData\Local\Temp\playwright-java-6623263956744782875\package\lib\utils\isomorphic\manualPromise.js:94:14)
    at async evaluateExpression (C:\Users\magdyn\AppData\Local\Temp\playwright-java-6623263956744782875\package\lib\server\javascript.js:217:12)
    at async C:\Users\magdyn\AppData\Local\Temp\playwright-java-6623263956744782875\package\lib\server\frames.js:910:22
    at async Frame.retryWithProgressAndTimeouts (C:\Users\magdyn\AppData\Local\Temp\playwright-java-6623263956744782875\package\lib\server\frames.js:880:24)
    at async Frame.click (C:\Users\magdyn\AppData\Local\Temp\playwright-java-6623263956744782875\package\lib\server\frames.js:953:27)
    at async FrameDispatcher.click (C:\Users\magdyn\AppData\Local\Temp\playwright-java-6623263956744782875\package\lib\server\dispatchers\frameDispatcher.js:117:12)
    at async ProgressController.run (C:\Users\magdyn\AppData\Local\Temp\playwright-java-6623263956744782875\package\lib\server\progress.js:78:22)
    at async FrameDispatcher._runCommand (C:\Users\magdyn\AppData\Local\Temp\playwright-java-6623263956744782875\package\lib\server\dispatchers\dispatcher.js:95:14)
    at async DispatcherConnection.dispatch (C:\Users\magdyn\AppData\Local\Temp\playwright-java-6623263956744782875\package\lib\server\dispatchers\dispatcher.js:329:22)
}
Call log:
-   - waiting for getByText("Baguette", new Page.GetByTextOptions().setExact(true)).locator("xpath=ancestor::div[.//button[normalize-space()='ADD']][1]").getByRole(AriaRole.BUTTON)

at com.microsoft.playwright.impl.Connection.dispatch(Connection.java:262)
at com.microsoft.playwright.impl.Connection.processOneMessage(Connection.java:214)
at com.microsoft.playwright.impl.ChannelOwner.runUntil(ChannelOwner.java:136)
... 36 more
]]>
    </error>
  </testcase> <!-- completeOrderToRefundFlow -->
</testsuite> <!-- tests.EndToEndOrderTest -->
