<?xml version="1.0" encoding="UTF-8"?>
<!-- Generated by org.testng.reporters.JUnitReportReporter -->
<testsuite hostname="DESKTOP-NSFGFB7" failures="0" tests="5" name="tests.LoginTest" time="41.530" errors="0" timestamp="2026-08-12T15:46:29 IST" skipped="0">
  <testcase classname="tests.LoginTest" name="password" time="5.195"/>
  <testcase classname="tests.LoginTest" name="username" time="19.266"/>
  <testcase classname="tests.LoginTest" name="validlogin" time="5.234"/>
  <testcase classname="tests.LoginTest" name="emptycredentails" time="5.018"/>
  <testcase classname="tests.LoginTest" name="invalidlogin" time="6.817"/>
</testsuite> <!-- tests.LoginTest -->
