<?xml version="1.0" encoding="UTF-8"?>
<!-- Generated by org.testng.reporters.JUnitReportReporter -->
<testsuite hostname="DESKTOP-NSFGFB7" failures="0" tests="3" name="tests.CouponTest" time="30.982" errors="0" timestamp="2026-08-12T17:34:37 IST" skipped="0">
  <testcase classname="tests.CouponTest" name="verifyCouponBelowMinimumValue" time="5.894"/>
  <testcase classname="tests.CouponTest" name="verifyCouponAboveMinimumValue" time="18.699"/>
  <testcase classname="tests.CouponTest" name="verifyCouponWhenCartEmpty" time="6.389"/>
</testsuite> <!-- tests.CouponTest -->
