<?xml version="1.0" encoding="UTF-8"?>
<!-- Generated by org.testng.reporters.JUnitReportReporter -->
<testsuite hostname="DESKTOP-NSFGFB7" failures="0" tests="3" name="tests.CouponTest" time="20.528" errors="0" timestamp="2026-08-18T18:13:26 IST" skipped="0">
  <testcase classname="tests.CouponTest" name="verifyCouponWhenCartEmpty" time="6.072"/>
  <testcase classname="tests.CouponTest" name="verifyCouponBelowMinimumValue" time="7.181"/>
  <testcase classname="tests.CouponTest" name="verifyCouponAboveMinimumValue" time="7.275"/>
</testsuite> <!-- tests.CouponTest -->
